/*C1*/SET SCHEMA SYSTEM_LOBS
INSERT INTO BLOCKS VALUES(0,2147483647,0)
COMMIT
/*C3*/SET SCHEMA PUBLIC
DISCONNECT
/*C4*/SET SCHEMA PUBLIC
CREATE SCHEMA "Trippin" AUTHORIZATION SA
CREATE TABLE "Trippin"."flyway_schema_history" (\u000a    "installed_rank" INT NOT NULL,\u000a    "version" VARCHAR(50),\u000a    "description" VARCHAR(200) NOT NULL,\u000a    "type" VARCHAR(20) NOT NULL,\u000a    "script" VARCHAR(1000) NOT NULL,\u000a    "checksum" INT,\u000a    "installed_by" VARCHAR(100) NOT NULL,\u000a    "installed_on" TIMESTAMP DEFAULT CURRENT_TIMESTAMP NOT NULL,\u000a    "execution_time" INT NOT NULL,\u000a    "success" BIT NOT NULL\u000a)
ALTER TABLE "Trippin"."flyway_schema_history" ADD CONSTRAINT "flyway_schema_history_pk" PRIMARY KEY ("installed_rank")
CREATE INDEX "Trippin"."flyway_schema_history_s_idx" ON "Trippin"."flyway_schema_history" ("success")
SET SCHEMA "Trippin"
INSERT INTO "flyway_schema_history" VALUES(0,NULL,'<< Flyway Schema Creation >>','SCHEMA','"Trippin"',NULL,'SA','2024-02-01 15:05:58.496680',0,'1')
COMMIT
SET SCHEMA "Trippin"
SET schema "Trippin"
CREATE SEQUENCE "TemplateId"
CREATE TABLE "Person"(\u000a\u0009"ID" BIGINT NOT NULL ,\u000a\u0009"Data" VARCHAR(255),\u000a\u0009 PRIMARY KEY ("ID"))
CREATE TABLE "Trip"(\u000a\u0009"Entity" BIGINT NOT NULL ,\u000a\u0009"ID" VARCHAR(32) NOT NULL ,\u000a\u0009"Data" VARCHAR(255),\u000a\u0009 PRIMARY KEY ("Entity", "ID"))
INSERT INTO "flyway_schema_history" VALUES(1,'1.0','jpa','SQL','V1_0__jpa.sql',-161235727,'SA','2024-02-01 15:05:58.508097',1,'1')
COMMIT
SET SCHEMA PUBLIC
SET SCHEMA "PUBLIC"
DISCONNECT
/*C2*/SET SCHEMA PUBLIC
DISCONNECT
/*C5*/SET SCHEMA PUBLIC
DISCONNECT
/*C6*/SET SCHEMA PUBLIC
DISCONNECT
/*C7*/SET SCHEMA PUBLIC
DISCONNECT
/*C8*/SET SCHEMA PUBLIC
DISCONNECT
/*C9*/SET SCHEMA PUBLIC
DISCONNECT
/*C10*/SET SCHEMA PUBLIC
DISCONNECT
/*C11*/SET SCHEMA PUBLIC
DISCONNECT
/*C12*/SET SCHEMA PUBLIC
DISCONNECT
/*C13*/SET SCHEMA PUBLIC
DISCONNECT
